[
  {
    "Plan": {
      "Node Type": "Hash Join",
      "Parallel Aware": false,
      "Async Capable": false,
      "Join Type": "Right",
      "Startup Cost": 6948.00,
      "Total Cost": 22275.00,
      "Plan Rows": 200000,
      "Plan Width": 22,
      "Actual Startup Time": 36.312,
      "Actual Total Time": 155.534,
      "Actual Rows": 200000,
      "Actual Loops": 1,
      "Output": ["t1.gen2", "t2.gen1"],
      "Inner Unique": false,
      "Hash Cond": "(t2.id1 = t1.id1)",
      "Shared Hit Blocks": 4413,
      "Shared Read Blocks": 0,
      "Shared Dirtied Blocks": 0,
      "Shared Written Blocks": 0,
      "Local Hit Blocks": 0,
      "Local Read Blocks": 0,
      "Local Dirtied Blocks": 0,
      "Local Written Blocks": 0,
      "Temp Read Blocks": 1317,
      "Temp Written Blocks": 1317,
      "Plans": [
        {
          "Node Type": "Seq Scan",
          "Parent Relationship": "Outer",
          "Parallel Aware": false,
          "Async Capable": false,
          "Relation Name": "table2",
          "Schema": "public",
          "Alias": "t2",
          "Startup Cost": 0.00,
          "Total Cost": 6942.00,
          "Plan Rows": 400000,
          "Plan Width": 15,
          "Actual Startup Time": 0.012,
          "Actual Total Time": 24.748,
          "Actual Rows": 400000,
          "Actual Loops": 1,
          "Output": ["t2.gen1", "t2.id1"],
          "Shared Hit Blocks": 2942,
          "Shared Read Blocks": 0,
          "Shared Dirtied Blocks": 0,
          "Shared Written Blocks": 0,
          "Local Hit Blocks": 0,
          "Local Read Blocks": 0,
          "Local Dirtied Blocks": 0,
          "Local Written Blocks": 0,
          "Temp Read Blocks": 0,
          "Temp Written Blocks": 0
        },
        {
          "Node Type": "Hash",
          "Parent Relationship": "Inner",
          "Parallel Aware": false,
          "Async Capable": false,
          "Startup Cost": 3471.00,
          "Total Cost": 3471.00,
          "Plan Rows": 200000,
          "Plan Width": 15,
          "Actual Startup Time": 36.057,
          "Actual Total Time": 36.058,
          "Actual Rows": 200000,
          "Actual Loops": 1,
          "Output": ["t1.gen2", "t1.id1"],
          "Hash Buckets": 262144,
          "Original Hash Buckets": 262144,
          "Hash Batches": 2,
          "Original Hash Batches": 2,
          "Peak Memory Usage": 6749,
          "Shared Hit Blocks": 1471,
          "Shared Read Blocks": 0,
          "Shared Dirtied Blocks": 0,
          "Shared Written Blocks": 0,
          "Local Hit Blocks": 0,
          "Local Read Blocks": 0,
          "Local Dirtied Blocks": 0,
          "Local Written Blocks": 0,
          "Temp Read Blocks": 0,
          "Temp Written Blocks": 438,
          "Plans": [
            {
              "Node Type": "Seq Scan",
              "Parent Relationship": "Outer",
              "Parallel Aware": false,
              "Async Capable": false,
              "Relation Name": "table1",
              "Schema": "public",
              "Alias": "t1",
              "Startup Cost": 0.00,
              "Total Cost": 3471.00,
              "Plan Rows": 200000,
              "Plan Width": 15,
              "Actual Startup Time": 0.014,
              "Actual Total Time": 12.770,
              "Actual Rows": 200000,
              "Actual Loops": 1,
              "Output": ["t1.gen2", "t1.id1"],
              "Shared Hit Blocks": 1471,
              "Shared Read Blocks": 0,
              "Shared Dirtied Blocks": 0,
              "Shared Written Blocks": 0,
              "Local Hit Blocks": 0,
              "Local Read Blocks": 0,
              "Local Dirtied Blocks": 0,
              "Local Written Blocks": 0,
              "Temp Read Blocks": 0,
              "Temp Written Blocks": 0
            }
          ]
        }
      ]
    },
    "Planning": {
      "Shared Hit Blocks": 8,
      "Shared Read Blocks": 0,
      "Shared Dirtied Blocks": 0,
      "Shared Written Blocks": 0,
      "Local Hit Blocks": 0,
      "Local Read Blocks": 0,
      "Local Dirtied Blocks": 0,
      "Local Written Blocks": 0,
      "Temp Read Blocks": 0,
      "Temp Written Blocks": 0
    },
    "Planning Time": 0.116,
    "Triggers": [
    ],
    "Execution Time": 159.766
  }
]