[
  {
    "Plan": {
      "Node Type": "Limit",
      "Parallel Aware": false,
      "Async Capable": false,
      "Startup Cost": 0.49,
      "Total Cost": 2.72,
      "Plan Rows": 20,
      "Plan Width": 36,
      "Actual Startup Time": 0.051,
      "Actual Total Time": 0.055,
      "Actual Rows": 20,
      "Actual Loops": 1,
      "Output": ["id1", "(((gen1 || ', '::text) || gen2))"],
      "Shared Hit Blocks": 4,
      "Shared Read Blocks": 0,
      "Shared Dirtied Blocks": 0,
      "Shared Written Blocks": 0,
      "Local Hit Blocks": 0,
      "Local Read Blocks": 0,
      "Local Dirtied Blocks": 0,
      "Local Written Blocks": 0,
      "Temp Read Blocks": 0,
      "Temp Written Blocks": 0,
      "Plans": [
        {
          "Node Type": "Group",
          "Parent Relationship": "Outer",
          "Parallel Aware": false,
          "Async Capable": false,
          "Startup Cost": 0.49,
          "Total Cost": 22367.80,
          "Plan Rows": 200000,
          "Plan Width": 36,
          "Actual Startup Time": 0.050,
          "Actual Total Time": 0.054,
          "Actual Rows": 20,
          "Actual Loops": 1,
          "Output": ["id1", "(((gen1 || ', '::text) || gen2))"],
          "Group Key": ["t1.id1", "(((t1.gen1 || ', '::text) || t1.gen2))"],
          "Shared Hit Blocks": 4,
          "Shared Read Blocks": 0,
          "Shared Dirtied Blocks": 0,
          "Shared Written Blocks": 0,
          "Local Hit Blocks": 0,
          "Local Read Blocks": 0,
          "Local Dirtied Blocks": 0,
          "Local Written Blocks": 0,
          "Temp Read Blocks": 0,
          "Temp Written Blocks": 0,
          "Plans": [
            {
              "Node Type": "Incremental Sort",
              "Parent Relationship": "Outer",
              "Parallel Aware": false,
              "Async Capable": false,
              "Startup Cost": 0.49,
              "Total Cost": 20367.80,
              "Plan Rows": 200000,
              "Plan Width": 36,
              "Actual Startup Time": 0.050,
              "Actual Total Time": 0.050,
              "Actual Rows": 20,
              "Actual Loops": 1,
              "Output": ["id1", "(((gen1 || ', '::text) || gen2))"],
              "Sort Key": ["t1.id1", "(((t1.gen1 || ', '::text) || t1.gen2))"],
              "Presorted Key": ["t1.id1"],
              "Full-sort Groups": {
                "Group Count": 1,
                "Sort Methods Used": ["quicksort"],
                "Sort Space Memory": {
                  "Average Sort Space Used": 26,
                  "Peak Sort Space Used": 26
                }
              },
              "Shared Hit Blocks": 4,
              "Shared Read Blocks": 0,
              "Shared Dirtied Blocks": 0,
              "Shared Written Blocks": 0,
              "Local Hit Blocks": 0,
              "Local Read Blocks": 0,
              "Local Dirtied Blocks": 0,
              "Local Written Blocks": 0,
              "Temp Read Blocks": 0,
              "Temp Written Blocks": 0,
              "Plans": [
                {
                  "Node Type": "Index Scan",
                  "Parent Relationship": "Outer",
                  "Parallel Aware": false,
                  "Async Capable": false,
                  "Scan Direction": "Forward",
                  "Index Name": "table1_pkey",
                  "Relation Name": "table1",
                  "Schema": "public",
                  "Alias": "t1",
                  "Startup Cost": 0.42,
                  "Total Cost": 11367.80,
                  "Plan Rows": 200000,
                  "Plan Width": 36,
                  "Actual Startup Time": 0.036,
                  "Actual Total Time": 0.041,
                  "Actual Rows": 33,
                  "Actual Loops": 1,
                  "Output": ["id1", "((gen1 || ', '::text) || gen2)"],
                  "Shared Hit Blocks": 4,
                  "Shared Read Blocks": 0,
                  "Shared Dirtied Blocks": 0,
                  "Shared Written Blocks": 0,
                  "Local Hit Blocks": 0,
                  "Local Read Blocks": 0,
                  "Local Dirtied Blocks": 0,
                  "Local Written Blocks": 0,
                  "Temp Read Blocks": 0,
                  "Temp Written Blocks": 0
                }
              ]
            }
          ]
        }
      ]
    },
    "Planning": {
      "Shared Hit Blocks": 0,
      "Shared Read Blocks": 0,
      "Shared Dirtied Blocks": 0,
      "Shared Written Blocks": 0,
      "Local Hit Blocks": 0,
      "Local Read Blocks": 0,
      "Local Dirtied Blocks": 0,
      "Local Written Blocks": 0,
      "Temp Read Blocks": 0,
      "Temp Written Blocks": 0
    },
    "Planning Time": 0.070,
    "Triggers": [
    ],
    "Execution Time": 0.069
  }
]